<?xml version="1.0" encoding="UTF-8"?>
<!-- Generated by org.testng.reporters.JUnitReportReporter -->
<testsuite hostname="USPL5VDR0L2" name="apptest.WP_ZeDelivery" tests="1" failures="0" timestamp="7 Jan 2019 11:04:39 GMT" time="247.986" errors="0">
  <testcase name="testedozedelivery" time="247.986" classname="apptest.WP_ZeDelivery"/>
</testsuite> <!-- apptest.WP_ZeDelivery -->
