<?xml version="1.0" encoding="UTF-8"?>
<!-- Generated by org.testng.reporters.JUnitReportReporter -->
<testsuite hostname="USPL5VDR0L2" name="apptest.WP_Cadastro" tests="1" failures="0" timestamp="7 Jan 2019 11:13:16 GMT" time="194.046" errors="0">
  <testcase name="cadastro" time="194.046" classname="apptest.WP_Cadastro"/>
</testsuite> <!-- apptest.WP_Cadastro -->
