<?xml version="1.0" encoding="UTF-8"?>
<!-- Generated by org.testng.reporters.JUnitReportReporter -->
<testsuite hostname="USPL5VDR0L2" name="apptest.WP_ZeDelivery" tests="1" failures="0" timestamp="15 Oct 2018 13:19:28 GMT" time="419.696" errors="0">
  <testcase name="testedozedelivery" time="419.696" classname="apptest.WP_ZeDelivery"/>
</testsuite> <!-- apptest.WP_ZeDelivery -->
